mode: atomic
github.com/Devolvio-B-V/cloudflare-dlp-forensic-copy-decoder/internal/decoder/decoder.go:57.83,60.16 2 10
github.com/Devolvio-B-V/cloudflare-dlp-forensic-copy-decoder/internal/decoder/decoder.go:60.16,62.3 1 0
github.com/Devolvio-B-V/cloudflare-dlp-forensic-copy-decoder/internal/decoder/decoder.go:63.2,63.15 1 10
github.com/Devolvio-B-V/cloudflare-dlp-forensic-copy-decoder/internal/decoder/decoder.go:63.15,63.39 1 10
github.com/Devolvio-B-V/cloudflare-dlp-forensic-copy-decoder/internal/decoder/decoder.go:65.2,66.16 2 10
github.com/Devolvio-B-V/cloudflare-dlp-forensic-copy-decoder/internal/decoder/decoder.go:66.16,68.3 1 0
github.com/Devolvio-B-V/cloudflare-dlp-forensic-copy-decoder/internal/decoder/decoder.go:71.2,72.56 2 10
github.com/Devolvio-B-V/cloudflare-dlp-forensic-copy-decoder/internal/decoder/decoder.go:72.56,74.3 1 0
github.com/Devolvio-B-V/cloudflare-dlp-forensic-copy-decoder/internal/decoder/decoder.go:77.2,78.67 2 10
github.com/Devolvio-B-V/cloudflare-dlp-forensic-copy-decoder/internal/decoder/decoder.go:78.67,80.3 1 0
github.com/Devolvio-B-V/cloudflare-dlp-forensic-copy-decoder/internal/decoder/decoder.go:83.2,93.25 5 10
github.com/Devolvio-B-V/cloudflare-dlp-forensic-copy-decoder/internal/decoder/decoder.go:93.25,95.3 1 1
github.com/Devolvio-B-V/cloudflare-dlp-forensic-copy-decoder/internal/decoder/decoder.go:97.2,98.16 2 9
github.com/Devolvio-B-V/cloudflare-dlp-forensic-copy-decoder/internal/decoder/decoder.go:98.16,100.3 1 1
github.com/Devolvio-B-V/cloudflare-dlp-forensic-copy-decoder/internal/decoder/decoder.go:103.2,103.25 1 8
github.com/Devolvio-B-V/cloudflare-dlp-forensic-copy-decoder/internal/decoder/decoder.go:104.14,106.17 2 2
github.com/Devolvio-B-V/cloudflare-dlp-forensic-copy-decoder/internal/decoder/decoder.go:106.17,108.4 1 0
github.com/Devolvio-B-V/cloudflare-dlp-forensic-copy-decoder/internal/decoder/decoder.go:109.17,111.17 2 0
github.com/Devolvio-B-V/cloudflare-dlp-forensic-copy-decoder/internal/decoder/decoder.go:111.17,113.4 1 0
github.com/Devolvio-B-V/cloudflare-dlp-forensic-copy-decoder/internal/decoder/decoder.go:114.10,116.48 1 6
github.com/Devolvio-B-V/cloudflare-dlp-forensic-copy-decoder/internal/decoder/decoder.go:120.2,120.56 1 8
github.com/Devolvio-B-V/cloudflare-dlp-forensic-copy-decoder/internal/decoder/decoder.go:120.56,123.52 2 3
github.com/Devolvio-B-V/cloudflare-dlp-forensic-copy-decoder/internal/decoder/decoder.go:123.52,125.4 1 1
github.com/Devolvio-B-V/cloudflare-dlp-forensic-copy-decoder/internal/decoder/decoder.go:126.3,127.77 2 2
github.com/Devolvio-B-V/cloudflare-dlp-forensic-copy-decoder/internal/decoder/decoder.go:127.77,129.4 1 0
github.com/Devolvio-B-V/cloudflare-dlp-forensic-copy-decoder/internal/decoder/decoder.go:129.9,131.4 1 2
github.com/Devolvio-B-V/cloudflare-dlp-forensic-copy-decoder/internal/decoder/decoder.go:132.8,132.108 1 5
github.com/Devolvio-B-V/cloudflare-dlp-forensic-copy-decoder/internal/decoder/decoder.go:132.108,136.3 2 0
github.com/Devolvio-B-V/cloudflare-dlp-forensic-copy-decoder/internal/decoder/decoder.go:136.8,136.56 1 5
github.com/Devolvio-B-V/cloudflare-dlp-forensic-copy-decoder/internal/decoder/decoder.go:136.56,140.3 2 0
github.com/Devolvio-B-V/cloudflare-dlp-forensic-copy-decoder/internal/decoder/decoder.go:140.8,140.108 1 5
github.com/Devolvio-B-V/cloudflare-dlp-forensic-copy-decoder/internal/decoder/decoder.go:140.108,144.3 2 0
github.com/Devolvio-B-V/cloudflare-dlp-forensic-copy-decoder/internal/decoder/decoder.go:144.8,144.80 1 5
github.com/Devolvio-B-V/cloudflare-dlp-forensic-copy-decoder/internal/decoder/decoder.go:144.80,148.3 2 0
github.com/Devolvio-B-V/cloudflare-dlp-forensic-copy-decoder/internal/decoder/decoder.go:148.8,148.122 1 5
github.com/Devolvio-B-V/cloudflare-dlp-forensic-copy-decoder/internal/decoder/decoder.go:148.122,152.3 2 0
github.com/Devolvio-B-V/cloudflare-dlp-forensic-copy-decoder/internal/decoder/decoder.go:152.8,152.122 1 5
github.com/Devolvio-B-V/cloudflare-dlp-forensic-copy-decoder/internal/decoder/decoder.go:152.122,156.3 2 0
github.com/Devolvio-B-V/cloudflare-dlp-forensic-copy-decoder/internal/decoder/decoder.go:156.8,156.114 1 5
github.com/Devolvio-B-V/cloudflare-dlp-forensic-copy-decoder/internal/decoder/decoder.go:156.114,159.3 2 3
github.com/Devolvio-B-V/cloudflare-dlp-forensic-copy-decoder/internal/decoder/decoder.go:159.8,159.52 1 2
github.com/Devolvio-B-V/cloudflare-dlp-forensic-copy-decoder/internal/decoder/decoder.go:159.52,163.3 2 0
github.com/Devolvio-B-V/cloudflare-dlp-forensic-copy-decoder/internal/decoder/decoder.go:163.8,163.25 1 2
github.com/Devolvio-B-V/cloudflare-dlp-forensic-copy-decoder/internal/decoder/decoder.go:163.25,167.3 2 1
github.com/Devolvio-B-V/cloudflare-dlp-forensic-copy-decoder/internal/decoder/decoder.go:167.8,169.3 1 1
github.com/Devolvio-B-V/cloudflare-dlp-forensic-copy-decoder/internal/decoder/decoder.go:171.2,171.20 1 6
github.com/Devolvio-B-V/cloudflare-dlp-forensic-copy-decoder/internal/decoder/decoder.go:175.62,177.33 1 26
github.com/Devolvio-B-V/cloudflare-dlp-forensic-copy-decoder/internal/decoder/decoder.go:177.33,179.3 1 14
github.com/Devolvio-B-V/cloudflare-dlp-forensic-copy-decoder/internal/decoder/decoder.go:181.2,182.28 2 12
github.com/Devolvio-B-V/cloudflare-dlp-forensic-copy-decoder/internal/decoder/decoder.go:182.28,183.37 1 13
github.com/Devolvio-B-V/cloudflare-dlp-forensic-copy-decoder/internal/decoder/decoder.go:183.37,185.4 1 3
github.com/Devolvio-B-V/cloudflare-dlp-forensic-copy-decoder/internal/decoder/decoder.go:187.2,187.11 1 9
github.com/Devolvio-B-V/cloudflare-dlp-forensic-copy-decoder/internal/decoder/decoder.go:191.50,193.16 2 2
github.com/Devolvio-B-V/cloudflare-dlp-forensic-copy-decoder/internal/decoder/decoder.go:193.16,195.3 1 0
github.com/Devolvio-B-V/cloudflare-dlp-forensic-copy-decoder/internal/decoder/decoder.go:196.2,196.15 1 2
github.com/Devolvio-B-V/cloudflare-dlp-forensic-copy-decoder/internal/decoder/decoder.go:196.15,196.37 1 2
github.com/Devolvio-B-V/cloudflare-dlp-forensic-copy-decoder/internal/decoder/decoder.go:198.2,198.27 1 2
github.com/Devolvio-B-V/cloudflare-dlp-forensic-copy-decoder/internal/decoder/decoder.go:202.53,204.16 2 0
github.com/Devolvio-B-V/cloudflare-dlp-forensic-copy-decoder/internal/decoder/decoder.go:204.16,206.3 1 0
github.com/Devolvio-B-V/cloudflare-dlp-forensic-copy-decoder/internal/decoder/decoder.go:207.2,207.15 1 0
github.com/Devolvio-B-V/cloudflare-dlp-forensic-copy-decoder/internal/decoder/decoder.go:207.15,207.37 1 0
github.com/Devolvio-B-V/cloudflare-dlp-forensic-copy-decoder/internal/decoder/decoder.go:209.2,209.27 1 0
github.com/Devolvio-B-V/cloudflare-dlp-forensic-copy-decoder/internal/decoder/decoder.go:214.43,216.70 1 6
github.com/Devolvio-B-V/cloudflare-dlp-forensic-copy-decoder/internal/decoder/decoder.go:216.70,217.60 1 0
github.com/Devolvio-B-V/cloudflare-dlp-forensic-copy-decoder/internal/decoder/decoder.go:217.60,219.4 1 0
github.com/Devolvio-B-V/cloudflare-dlp-forensic-copy-decoder/internal/decoder/decoder.go:223.2,224.80 1 6
github.com/Devolvio-B-V/cloudflare-dlp-forensic-copy-decoder/internal/decoder/decoder.go:224.80,225.63 1 0
github.com/Devolvio-B-V/cloudflare-dlp-forensic-copy-decoder/internal/decoder/decoder.go:225.63,227.4 1 0
github.com/Devolvio-B-V/cloudflare-dlp-forensic-copy-decoder/internal/decoder/decoder.go:231.2,231.13 1 6
github.com/Devolvio-B-V/cloudflare-dlp-forensic-copy-decoder/internal/decoder/decoder.go:235.38,238.2 2 3
github.com/Devolvio-B-V/cloudflare-dlp-forensic-copy-decoder/internal/decoder/decoder.go:241.62,246.12 2 4
github.com/Devolvio-B-V/cloudflare-dlp-forensic-copy-decoder/internal/decoder/decoder.go:246.12,248.3 1 3
github.com/Devolvio-B-V/cloudflare-dlp-forensic-copy-decoder/internal/decoder/decoder.go:249.2,249.34 1 1
github.com/Devolvio-B-V/cloudflare-dlp-forensic-copy-decoder/internal/decoder/decoder.go:253.50,256.2 2 3
github.com/Devolvio-B-V/cloudflare-dlp-forensic-copy-decoder/cmd/cf-dlp-decode/main.go:35.42,39.33 3 2
github.com/Devolvio-B-V/cloudflare-dlp-forensic-copy-decoder/cmd/cf-dlp-decode/main.go:39.33,41.34 2 6
github.com/Devolvio-B-V/cloudflare-dlp-forensic-copy-decoder/cmd/cf-dlp-decode/main.go:41.34,44.34 2 4
github.com/Devolvio-B-V/cloudflare-dlp-forensic-copy-decoder/cmd/cf-dlp-decode/main.go:44.34,46.13 1 1
github.com/Devolvio-B-V/cloudflare-dlp-forensic-copy-decoder/cmd/cf-dlp-decode/main.go:47.10,47.87 1 3
github.com/Devolvio-B-V/cloudflare-dlp-forensic-copy-decoder/cmd/cf-dlp-decode/main.go:47.87,51.5 2 1
github.com/Devolvio-B-V/cloudflare-dlp-forensic-copy-decoder/cmd/cf-dlp-decode/main.go:52.9,54.4 1 2
github.com/Devolvio-B-V/cloudflare-dlp-forensic-copy-decoder/cmd/cf-dlp-decode/main.go:58.2,58.37 1 2
github.com/Devolvio-B-V/cloudflare-dlp-forensic-copy-decoder/cmd/cf-dlp-decode/main.go:61.13,77.62 3 0
github.com/Devolvio-B-V/cloudflare-dlp-forensic-copy-decoder/cmd/cf-dlp-decode/main.go:77.62,80.3 2 0
github.com/Devolvio-B-V/cloudflare-dlp-forensic-copy-decoder/cmd/cf-dlp-decode/main.go:83.2,83.15 1 0
github.com/Devolvio-B-V/cloudflare-dlp-forensic-copy-decoder/cmd/cf-dlp-decode/main.go:83.15,86.3 2 0
github.com/Devolvio-B-V/cloudflare-dlp-forensic-copy-decoder/cmd/cf-dlp-decode/main.go:89.2,89.14 1 0
github.com/Devolvio-B-V/cloudflare-dlp-forensic-copy-decoder/cmd/cf-dlp-decode/main.go:89.14,92.3 2 0
github.com/Devolvio-B-V/cloudflare-dlp-forensic-copy-decoder/cmd/cf-dlp-decode/main.go:95.2,95.41 1 0
github.com/Devolvio-B-V/cloudflare-dlp-forensic-copy-decoder/cmd/cf-dlp-decode/main.go:95.41,97.3 1 0
github.com/Devolvio-B-V/cloudflare-dlp-forensic-copy-decoder/cmd/cf-dlp-decode/main.go:102.2,102.54 1 0
github.com/Devolvio-B-V/cloudflare-dlp-forensic-copy-decoder/cmd/cf-dlp-decode/main.go:102.54,104.3 1 0
github.com/Devolvio-B-V/cloudflare-dlp-forensic-copy-decoder/cmd/cf-dlp-decode/main.go:107.2,107.34 1 0
github.com/Devolvio-B-V/cloudflare-dlp-forensic-copy-decoder/cmd/cf-dlp-decode/main.go:107.34,111.3 3 0
github.com/Devolvio-B-V/cloudflare-dlp-forensic-copy-decoder/cmd/cf-dlp-decode/main.go:114.2,114.14 1 0
github.com/Devolvio-B-V/cloudflare-dlp-forensic-copy-decoder/cmd/cf-dlp-decode/main.go:114.14,115.69 1 0
github.com/Devolvio-B-V/cloudflare-dlp-forensic-copy-decoder/cmd/cf-dlp-decode/main.go:115.69,118.4 2 0
github.com/Devolvio-B-V/cloudflare-dlp-forensic-copy-decoder/cmd/cf-dlp-decode/main.go:122.2,122.13 1 0
github.com/Devolvio-B-V/cloudflare-dlp-forensic-copy-decoder/cmd/cf-dlp-decode/main.go:122.13,125.51 1 0
github.com/Devolvio-B-V/cloudflare-dlp-forensic-copy-decoder/cmd/cf-dlp-decode/main.go:125.51,128.4 2 0
github.com/Devolvio-B-V/cloudflare-dlp-forensic-copy-decoder/cmd/cf-dlp-decode/main.go:129.3,129.44 1 0
github.com/Devolvio-B-V/cloudflare-dlp-forensic-copy-decoder/cmd/cf-dlp-decode/main.go:129.44,132.4 2 0
github.com/Devolvio-B-V/cloudflare-dlp-forensic-copy-decoder/cmd/cf-dlp-decode/main.go:133.3,133.9 1 0
github.com/Devolvio-B-V/cloudflare-dlp-forensic-copy-decoder/cmd/cf-dlp-decode/main.go:137.2,137.88 1 0
github.com/Devolvio-B-V/cloudflare-dlp-forensic-copy-decoder/cmd/cf-dlp-decode/main.go:137.88,138.15 1 0
github.com/Devolvio-B-V/cloudflare-dlp-forensic-copy-decoder/cmd/cf-dlp-decode/main.go:138.15,140.4 1 0
github.com/Devolvio-B-V/cloudflare-dlp-forensic-copy-decoder/cmd/cf-dlp-decode/main.go:140.9,143.4 1 0
github.com/Devolvio-B-V/cloudflare-dlp-forensic-copy-decoder/cmd/cf-dlp-decode/main.go:144.3,144.13 1 0
github.com/Devolvio-B-V/cloudflare-dlp-forensic-copy-decoder/cmd/cf-dlp-decode/main.go:148.37,153.2 4 0
github.com/Devolvio-B-V/cloudflare-dlp-forensic-copy-decoder/cmd/cf-dlp-decode/main.go:155.83,158.16 2 2
github.com/Devolvio-B-V/cloudflare-dlp-forensic-copy-decoder/cmd/cf-dlp-decode/main.go:158.16,160.3 1 0
github.com/Devolvio-B-V/cloudflare-dlp-forensic-copy-decoder/cmd/cf-dlp-decode/main.go:163.2,169.16 3 2
github.com/Devolvio-B-V/cloudflare-dlp-forensic-copy-decoder/cmd/cf-dlp-decode/main.go:169.16,171.3 1 0
github.com/Devolvio-B-V/cloudflare-dlp-forensic-copy-decoder/cmd/cf-dlp-decode/main.go:174.2,176.23 3 2
github.com/Devolvio-B-V/cloudflare-dlp-forensic-copy-decoder/cmd/cf-dlp-decode/main.go:176.23,178.3 1 0
github.com/Devolvio-B-V/cloudflare-dlp-forensic-copy-decoder/cmd/cf-dlp-decode/main.go:181.2,181.88 1 2
github.com/Devolvio-B-V/cloudflare-dlp-forensic-copy-decoder/cmd/cf-dlp-decode/main.go:181.88,183.3 1 0
github.com/Devolvio-B-V/cloudflare-dlp-forensic-copy-decoder/cmd/cf-dlp-decode/main.go:186.2,186.80 1 2
github.com/Devolvio-B-V/cloudflare-dlp-forensic-copy-decoder/cmd/cf-dlp-decode/main.go:186.80,188.3 1 0
github.com/Devolvio-B-V/cloudflare-dlp-forensic-copy-decoder/cmd/cf-dlp-decode/main.go:191.2,195.12 4 2
github.com/Devolvio-B-V/cloudflare-dlp-forensic-copy-decoder/cmd/cf-dlp-decode/main.go:198.18,248.2 1 0
github.com/Devolvio-B-V/cloudflare-dlp-forensic-copy-decoder/pkg/utils/io.go:12.48,13.31 1 0
github.com/Devolvio-B-V/cloudflare-dlp-forensic-copy-decoder/pkg/utils/io.go:13.31,16.3 1 0
github.com/Devolvio-B-V/cloudflare-dlp-forensic-copy-decoder/pkg/utils/io.go:19.2,20.16 2 0
github.com/Devolvio-B-V/cloudflare-dlp-forensic-copy-decoder/pkg/utils/io.go:20.16,22.3 1 0
github.com/Devolvio-B-V/cloudflare-dlp-forensic-copy-decoder/pkg/utils/io.go:24.2,24.18 1 0
github.com/Devolvio-B-V/cloudflare-dlp-forensic-copy-decoder/pkg/utils/io.go:28.64,30.16 1 0
github.com/Devolvio-B-V/cloudflare-dlp-forensic-copy-decoder/pkg/utils/io.go:30.16,31.42 1 0
github.com/Devolvio-B-V/cloudflare-dlp-forensic-copy-decoder/pkg/utils/io.go:31.42,33.4 1 0
github.com/Devolvio-B-V/cloudflare-dlp-forensic-copy-decoder/pkg/utils/io.go:37.2,38.29 2 0
github.com/Devolvio-B-V/cloudflare-dlp-forensic-copy-decoder/pkg/utils/io.go:38.29,39.48 1 0
github.com/Devolvio-B-V/cloudflare-dlp-forensic-copy-decoder/pkg/utils/io.go:39.48,41.4 1 0
github.com/Devolvio-B-V/cloudflare-dlp-forensic-copy-decoder/pkg/utils/io.go:45.2,46.58 2 0
github.com/Devolvio-B-V/cloudflare-dlp-forensic-copy-decoder/pkg/utils/io.go:46.58,48.3 1 0
github.com/Devolvio-B-V/cloudflare-dlp-forensic-copy-decoder/pkg/utils/io.go:51.2,51.49 1 0
github.com/Devolvio-B-V/cloudflare-dlp-forensic-copy-decoder/pkg/utils/io.go:51.49,54.3 2 0
github.com/Devolvio-B-V/cloudflare-dlp-forensic-copy-decoder/pkg/utils/io.go:56.2,56.12 1 0
github.com/Devolvio-B-V/cloudflare-dlp-forensic-copy-decoder/pkg/utils/io.go:60.35,63.2 2 0
github.com/Devolvio-B-V/cloudflare-dlp-forensic-copy-decoder/pkg/utils/io.go:66.51,68.16 2 0
github.com/Devolvio-B-V/cloudflare-dlp-forensic-copy-decoder/pkg/utils/io.go:68.16,70.3 1 0
github.com/Devolvio-B-V/cloudflare-dlp-forensic-copy-decoder/pkg/utils/io.go:71.2,71.18 1 0
github.com/Devolvio-B-V/cloudflare-dlp-forensic-copy-decoder/internal/ui/filebrowser.go:28.60,29.20 1 0
github.com/Devolvio-B-V/cloudflare-dlp-forensic-copy-decoder/internal/ui/filebrowser.go:29.20,32.17 3 0
github.com/Devolvio-B-V/cloudflare-dlp-forensic-copy-decoder/internal/ui/filebrowser.go:32.17,34.4 1 0
github.com/Devolvio-B-V/cloudflare-dlp-forensic-copy-decoder/internal/ui/filebrowser.go:37.2,41.41 2 0
github.com/Devolvio-B-V/cloudflare-dlp-forensic-copy-decoder/internal/ui/filebrowser.go:41.41,43.3 1 0
github.com/Devolvio-B-V/cloudflare-dlp-forensic-copy-decoder/internal/ui/filebrowser.go:45.2,45.16 1 0
github.com/Devolvio-B-V/cloudflare-dlp-forensic-copy-decoder/internal/ui/filebrowser.go:49.44,53.50 2 0
github.com/Devolvio-B-V/cloudflare-dlp-forensic-copy-decoder/internal/ui/filebrowser.go:53.50,59.3 1 0
github.com/Devolvio-B-V/cloudflare-dlp-forensic-copy-decoder/internal/ui/filebrowser.go:62.2,63.16 2 0
github.com/Devolvio-B-V/cloudflare-dlp-forensic-copy-decoder/internal/ui/filebrowser.go:63.16,65.3 1 0
github.com/Devolvio-B-V/cloudflare-dlp-forensic-copy-decoder/internal/ui/filebrowser.go:68.2,68.35 1 0
github.com/Devolvio-B-V/cloudflare-dlp-forensic-copy-decoder/internal/ui/filebrowser.go:68.35,70.43 1 0
github.com/Devolvio-B-V/cloudflare-dlp-forensic-copy-decoder/internal/ui/filebrowser.go:70.43,71.12 1 0
github.com/Devolvio-B-V/cloudflare-dlp-forensic-copy-decoder/internal/ui/filebrowser.go:74.3,75.17 2 0
github.com/Devolvio-B-V/cloudflare-dlp-forensic-copy-decoder/internal/ui/filebrowser.go:75.17,76.12 1 0
github.com/Devolvio-B-V/cloudflare-dlp-forensic-copy-decoder/internal/ui/filebrowser.go:79.3,86.5 2 0
github.com/Devolvio-B-V/cloudflare-dlp-forensic-copy-decoder/internal/ui/filebrowser.go:90.2,90.42 1 0
github.com/Devolvio-B-V/cloudflare-dlp-forensic-copy-decoder/internal/ui/filebrowser.go:90.42,91.43 1 0
github.com/Devolvio-B-V/cloudflare-dlp-forensic-copy-decoder/internal/ui/filebrowser.go:91.43,93.4 1 0
github.com/Devolvio-B-V/cloudflare-dlp-forensic-copy-decoder/internal/ui/filebrowser.go:94.3,94.77 1 0
github.com/Devolvio-B-V/cloudflare-dlp-forensic-copy-decoder/internal/ui/filebrowser.go:97.2,101.12 4 0
github.com/Devolvio-B-V/cloudflare-dlp-forensic-copy-decoder/internal/ui/filebrowser.go:105.33,106.26 1 0
github.com/Devolvio-B-V/cloudflare-dlp-forensic-copy-decoder/internal/ui/filebrowser.go:106.26,109.39 2 0
github.com/Devolvio-B-V/cloudflare-dlp-forensic-copy-decoder/internal/ui/filebrowser.go:109.39,111.4 1 0
github.com/Devolvio-B-V/cloudflare-dlp-forensic-copy-decoder/internal/ui/filebrowser.go:116.35,117.42 1 1
github.com/Devolvio-B-V/cloudflare-dlp-forensic-copy-decoder/internal/ui/filebrowser.go:117.42,119.3 1 1
github.com/Devolvio-B-V/cloudflare-dlp-forensic-copy-decoder/internal/ui/filebrowser.go:123.54,124.26 1 1
github.com/Devolvio-B-V/cloudflare-dlp-forensic-copy-decoder/internal/ui/filebrowser.go:124.26,126.3 1 0
github.com/Devolvio-B-V/cloudflare-dlp-forensic-copy-decoder/internal/ui/filebrowser.go:128.2,130.20 2 1
github.com/Devolvio-B-V/cloudflare-dlp-forensic-copy-decoder/internal/ui/filebrowser.go:130.20,132.42 2 0
github.com/Devolvio-B-V/cloudflare-dlp-forensic-copy-decoder/internal/ui/filebrowser.go:132.42,134.4 1 0
github.com/Devolvio-B-V/cloudflare-dlp-forensic-copy-decoder/internal/ui/filebrowser.go:135.3,135.24 1 0
github.com/Devolvio-B-V/cloudflare-dlp-forensic-copy-decoder/internal/ui/filebrowser.go:139.2,139.49 1 1
github.com/Devolvio-B-V/cloudflare-dlp-forensic-copy-decoder/internal/ui/filebrowser.go:139.49,141.3 1 1
github.com/Devolvio-B-V/cloudflare-dlp-forensic-copy-decoder/internal/ui/filebrowser.go:143.2,143.23 1 0
github.com/Devolvio-B-V/cloudflare-dlp-forensic-copy-decoder/internal/ui/filebrowser.go:147.54,148.26 1 0
github.com/Devolvio-B-V/cloudflare-dlp-forensic-copy-decoder/internal/ui/filebrowser.go:148.26,150.3 1 0
github.com/Devolvio-B-V/cloudflare-dlp-forensic-copy-decoder/internal/ui/filebrowser.go:151.2,151.38 1 0
github.com/Devolvio-B-V/cloudflare-dlp-forensic-copy-decoder/internal/ui/filebrowser.go:155.49,157.2 1 0
github.com/Devolvio-B-V/cloudflare-dlp-forensic-copy-decoder/internal/ui/filebrowser.go:160.47,162.2 1 0
github.com/Devolvio-B-V/cloudflare-dlp-forensic-copy-decoder/internal/ui/filebrowser.go:165.47,167.2 1 0
github.com/Devolvio-B-V/cloudflare-dlp-forensic-copy-decoder/internal/ui/filebrowser.go:170.44,172.2 1 0
github.com/Devolvio-B-V/cloudflare-dlp-forensic-copy-decoder/internal/ui/filebrowser.go:175.50,177.2 1 0
github.com/Devolvio-B-V/cloudflare-dlp-forensic-copy-decoder/internal/ui/filebrowser.go:180.44,182.16 2 0
github.com/Devolvio-B-V/cloudflare-dlp-forensic-copy-decoder/internal/ui/filebrowser.go:182.16,184.3 1 0
github.com/Devolvio-B-V/cloudflare-dlp-forensic-copy-decoder/internal/ui/filebrowser.go:185.2,186.25 2 0
github.com/Devolvio-B-V/cloudflare-dlp-forensic-copy-decoder/internal/ui/filebrowser.go:190.50,193.16 2 0
github.com/Devolvio-B-V/cloudflare-dlp-forensic-copy-decoder/internal/ui/filebrowser.go:193.16,195.3 1 0
github.com/Devolvio-B-V/cloudflare-dlp-forensic-copy-decoder/internal/ui/filebrowser.go:198.2,199.16 2 0
github.com/Devolvio-B-V/cloudflare-dlp-forensic-copy-decoder/internal/ui/filebrowser.go:199.16,201.3 1 0
github.com/Devolvio-B-V/cloudflare-dlp-forensic-copy-decoder/internal/ui/filebrowser.go:203.2,203.19 1 0
github.com/Devolvio-B-V/cloudflare-dlp-forensic-copy-decoder/internal/ui/filebrowser.go:203.19,205.3 1 0
github.com/Devolvio-B-V/cloudflare-dlp-forensic-copy-decoder/internal/ui/filebrowser.go:207.2,208.25 2 0
github.com/Devolvio-B-V/cloudflare-dlp-forensic-copy-decoder/internal/ui/filebrowser.go:212.34,215.2 2 0
github.com/Devolvio-B-V/cloudflare-dlp-forensic-copy-decoder/internal/ui/filebrowser.go:218.37,219.25 1 0
github.com/Devolvio-B-V/cloudflare-dlp-forensic-copy-decoder/internal/ui/filebrowser.go:219.25,221.3 1 0
github.com/Devolvio-B-V/cloudflare-dlp-forensic-copy-decoder/internal/ui/filebrowser.go:225.57,230.30 4 1
github.com/Devolvio-B-V/cloudflare-dlp-forensic-copy-decoder/internal/ui/filebrowser.go:230.30,232.3 1 1
github.com/Devolvio-B-V/cloudflare-dlp-forensic-copy-decoder/internal/ui/filebrowser.go:235.2,235.28 1 1
github.com/Devolvio-B-V/cloudflare-dlp-forensic-copy-decoder/internal/ui/filebrowser.go:235.28,237.3 1 0
github.com/Devolvio-B-V/cloudflare-dlp-forensic-copy-decoder/internal/ui/filebrowser.go:237.8,237.34 1 1
github.com/Devolvio-B-V/cloudflare-dlp-forensic-copy-decoder/internal/ui/filebrowser.go:237.34,239.24 2 0
github.com/Devolvio-B-V/cloudflare-dlp-forensic-copy-decoder/internal/ui/filebrowser.go:239.24,241.4 1 0
github.com/Devolvio-B-V/cloudflare-dlp-forensic-copy-decoder/internal/ui/model.go:46.39,51.21 3 1
github.com/Devolvio-B-V/cloudflare-dlp-forensic-copy-decoder/internal/ui/model.go:51.21,53.3 1 1
github.com/Devolvio-B-V/cloudflare-dlp-forensic-copy-decoder/internal/ui/model.go:53.8,57.17 3 0
github.com/Devolvio-B-V/cloudflare-dlp-forensic-copy-decoder/internal/ui/model.go:57.17,60.4 1 0
github.com/Devolvio-B-V/cloudflare-dlp-forensic-copy-decoder/internal/ui/model.go:63.2,70.3 1 1
github.com/Devolvio-B-V/cloudflare-dlp-forensic-copy-decoder/internal/ui/model.go:74.31,76.23 1 1
github.com/Devolvio-B-V/cloudflare-dlp-forensic-copy-decoder/internal/ui/model.go:76.23,78.3 1 1
github.com/Devolvio-B-V/cloudflare-dlp-forensic-copy-decoder/internal/ui/model.go:79.2,79.12 1 0
github.com/Devolvio-B-V/cloudflare-dlp-forensic-copy-decoder/internal/ui/model.go:83.57,84.27 1 0
github.com/Devolvio-B-V/cloudflare-dlp-forensic-copy-decoder/internal/ui/model.go:85.18,86.31 1 0
github.com/Devolvio-B-V/cloudflare-dlp-forensic-copy-decoder/internal/ui/model.go:87.25,92.15 3 0
github.com/Devolvio-B-V/cloudflare-dlp-forensic-copy-decoder/internal/ui/model.go:92.15,95.4 2 0
github.com/Devolvio-B-V/cloudflare-dlp-forensic-copy-decoder/internal/ui/model.go:95.9,98.4 2 0
github.com/Devolvio-B-V/cloudflare-dlp-forensic-copy-decoder/internal/ui/model.go:101.3,101.56 1 0
github.com/Devolvio-B-V/cloudflare-dlp-forensic-copy-decoder/internal/ui/model.go:101.56,103.22 2 0
github.com/Devolvio-B-V/cloudflare-dlp-forensic-copy-decoder/internal/ui/model.go:103.22,105.5 1 0
github.com/Devolvio-B-V/cloudflare-dlp-forensic-copy-decoder/internal/ui/model.go:106.4,106.46 1 0
github.com/Devolvio-B-V/cloudflare-dlp-forensic-copy-decoder/internal/ui/model.go:109.3,109.16 1 0
github.com/Devolvio-B-V/cloudflare-dlp-forensic-copy-decoder/internal/ui/model.go:110.24,119.16 6 0
github.com/Devolvio-B-V/cloudflare-dlp-forensic-copy-decoder/internal/ui/model.go:120.22,123.16 3 0
github.com/Devolvio-B-V/cloudflare-dlp-forensic-copy-decoder/internal/ui/model.go:124.24,128.16 4 0
github.com/Devolvio-B-V/cloudflare-dlp-forensic-copy-decoder/internal/ui/model.go:129.22,131.16 2 0
github.com/Devolvio-B-V/cloudflare-dlp-forensic-copy-decoder/internal/ui/model.go:135.2,135.27 1 0
github.com/Devolvio-B-V/cloudflare-dlp-forensic-copy-decoder/internal/ui/model.go:135.27,139.3 3 0
github.com/Devolvio-B-V/cloudflare-dlp-forensic-copy-decoder/internal/ui/model.go:141.2,141.15 1 0
github.com/Devolvio-B-V/cloudflare-dlp-forensic-copy-decoder/internal/ui/model.go:145.68,146.16 1 9
github.com/Devolvio-B-V/cloudflare-dlp-forensic-copy-decoder/internal/ui/model.go:147.23,148.23 1 1
github.com/Devolvio-B-V/cloudflare-dlp-forensic-copy-decoder/internal/ui/model.go:149.22,150.22 1 0
github.com/Devolvio-B-V/cloudflare-dlp-forensic-copy-decoder/internal/ui/model.go:151.20,152.28 1 1
github.com/Devolvio-B-V/cloudflare-dlp-forensic-copy-decoder/internal/ui/model.go:152.28,156.23 3 1
github.com/Devolvio-B-V/cloudflare-dlp-forensic-copy-decoder/internal/ui/model.go:156.23,158.6 1 0
github.com/Devolvio-B-V/cloudflare-dlp-forensic-copy-decoder/internal/ui/model.go:159.5,159.47 1 1
github.com/Devolvio-B-V/cloudflare-dlp-forensic-copy-decoder/internal/ui/model.go:161.18,162.28 1 0
github.com/Devolvio-B-V/cloudflare-dlp-forensic-copy-decoder/internal/ui/model.go:162.28,166.23 3 0
github.com/Devolvio-B-V/cloudflare-dlp-forensic-copy-decoder/internal/ui/model.go:166.23,168.6 1 0
github.com/Devolvio-B-V/cloudflare-dlp-forensic-copy-decoder/internal/ui/model.go:169.5,169.47 1 0
github.com/Devolvio-B-V/cloudflare-dlp-forensic-copy-decoder/internal/ui/model.go:171.16,172.28 1 0
github.com/Devolvio-B-V/cloudflare-dlp-forensic-copy-decoder/internal/ui/model.go:172.28,174.19 2 0
github.com/Devolvio-B-V/cloudflare-dlp-forensic-copy-decoder/internal/ui/model.go:174.19,176.6 1 0
github.com/Devolvio-B-V/cloudflare-dlp-forensic-copy-decoder/internal/ui/model.go:176.11,176.22 1 0
github.com/Devolvio-B-V/cloudflare-dlp-forensic-copy-decoder/internal/ui/model.go:176.22,181.6 3 0
github.com/Devolvio-B-V/cloudflare-dlp-forensic-copy-decoder/internal/ui/model.go:183.12,185.28 1 0
github.com/Devolvio-B-V/cloudflare-dlp-forensic-copy-decoder/internal/ui/model.go:185.28,186.55 1 0
github.com/Devolvio-B-V/cloudflare-dlp-forensic-copy-decoder/internal/ui/model.go:186.55,188.6 1 0
github.com/Devolvio-B-V/cloudflare-dlp-forensic-copy-decoder/internal/ui/model.go:190.12,192.28 1 0
github.com/Devolvio-B-V/cloudflare-dlp-forensic-copy-decoder/internal/ui/model.go:192.28,194.5 1 0
github.com/Devolvio-B-V/cloudflare-dlp-forensic-copy-decoder/internal/ui/model.go:195.12,197.28 1 0
github.com/Devolvio-B-V/cloudflare-dlp-forensic-copy-decoder/internal/ui/model.go:197.28,199.5 1 0
github.com/Devolvio-B-V/cloudflare-dlp-forensic-copy-decoder/internal/ui/model.go:202.19,203.23 1 8
github.com/Devolvio-B-V/cloudflare-dlp-forensic-copy-decoder/internal/ui/model.go:204.22,205.22 1 0
github.com/Devolvio-B-V/cloudflare-dlp-forensic-copy-decoder/internal/ui/model.go:206.12,208.60 2 1
github.com/Devolvio-B-V/cloudflare-dlp-forensic-copy-decoder/internal/ui/model.go:209.17,211.73 2 0
github.com/Devolvio-B-V/cloudflare-dlp-forensic-copy-decoder/internal/ui/model.go:212.17,216.18 3 1
github.com/Devolvio-B-V/cloudflare-dlp-forensic-copy-decoder/internal/ui/model.go:217.20,218.28 1 1
github.com/Devolvio-B-V/cloudflare-dlp-forensic-copy-decoder/internal/ui/model.go:219.18,220.26 1 1
github.com/Devolvio-B-V/cloudflare-dlp-forensic-copy-decoder/internal/ui/model.go:221.22,222.29 1 1
github.com/Devolvio-B-V/cloudflare-dlp-forensic-copy-decoder/internal/ui/model.go:223.22,224.27 1 1
github.com/Devolvio-B-V/cloudflare-dlp-forensic-copy-decoder/internal/ui/model.go:225.12,226.24 1 1
github.com/Devolvio-B-V/cloudflare-dlp-forensic-copy-decoder/internal/ui/model.go:227.12,228.27 1 1
github.com/Devolvio-B-V/cloudflare-dlp-forensic-copy-decoder/internal/ui/model.go:231.18,232.23 1 0
github.com/Devolvio-B-V/cloudflare-dlp-forensic-copy-decoder/internal/ui/model.go:233.14,236.24 3 0
github.com/Devolvio-B-V/cloudflare-dlp-forensic-copy-decoder/internal/ui/model.go:237.16,238.28 1 0
github.com/Devolvio-B-V/cloudflare-dlp-forensic-copy-decoder/internal/ui/model.go:239.20,240.29 1 0
github.com/Devolvio-B-V/cloudflare-dlp-forensic-copy-decoder/internal/ui/model.go:240.29,242.5 1 0
github.com/Devolvio-B-V/cloudflare-dlp-forensic-copy-decoder/internal/ui/model.go:243.11,244.30 1 0
github.com/Devolvio-B-V/cloudflare-dlp-forensic-copy-decoder/internal/ui/model.go:244.30,246.5 1 0
github.com/Devolvio-B-V/cloudflare-dlp-forensic-copy-decoder/internal/ui/model.go:249.17,250.23 1 0
github.com/Devolvio-B-V/cloudflare-dlp-forensic-copy-decoder/internal/ui/model.go:251.22,252.22 1 0
github.com/Devolvio-B-V/cloudflare-dlp-forensic-copy-decoder/internal/ui/model.go:253.17,256.47 3 0
github.com/Devolvio-B-V/cloudflare-dlp-forensic-copy-decoder/internal/ui/model.go:260.2,260.15 1 9
github.com/Devolvio-B-V/cloudflare-dlp-forensic-copy-decoder/internal/ui/model.go:283.33,284.24 1 1
github.com/Devolvio-B-V/cloudflare-dlp-forensic-copy-decoder/internal/ui/model.go:284.24,287.17 2 0
github.com/Devolvio-B-V/cloudflare-dlp-forensic-copy-decoder/internal/ui/model.go:287.17,289.4 1 0
github.com/Devolvio-B-V/cloudflare-dlp-forensic-copy-decoder/internal/ui/model.go:292.3,297.17 3 0
github.com/Devolvio-B-V/cloudflare-dlp-forensic-copy-decoder/internal/ui/model.go:297.17,299.4 1 0
github.com/Devolvio-B-V/cloudflare-dlp-forensic-copy-decoder/internal/ui/model.go:301.3,301.42 1 0
github.com/Devolvio-B-V/cloudflare-dlp-forensic-copy-decoder/internal/ui/model.go:305.37,306.24 1 1
github.com/Devolvio-B-V/cloudflare-dlp-forensic-copy-decoder/internal/ui/model.go:306.24,308.17 2 1
github.com/Devolvio-B-V/cloudflare-dlp-forensic-copy-decoder/internal/ui/model.go:308.17,311.4 1 0
github.com/Devolvio-B-V/cloudflare-dlp-forensic-copy-decoder/internal/ui/model.go:314.3,314.71 1 1
github.com/Devolvio-B-V/cloudflare-dlp-forensic-copy-decoder/internal/ui/model.go:314.71,316.4 1 0
github.com/Devolvio-B-V/cloudflare-dlp-forensic-copy-decoder/internal/ui/model.go:319.3,320.82 2 1
github.com/Devolvio-B-V/cloudflare-dlp-forensic-copy-decoder/internal/ui/model.go:320.82,322.4 1 0
github.com/Devolvio-B-V/cloudflare-dlp-forensic-copy-decoder/internal/ui/model.go:324.3,324.38 1 1
github.com/Devolvio-B-V/cloudflare-dlp-forensic-copy-decoder/internal/ui/view.go:51.30,52.16 1 0
github.com/Devolvio-B-V/cloudflare-dlp-forensic-copy-decoder/internal/ui/view.go:53.23,54.29 1 0
github.com/Devolvio-B-V/cloudflare-dlp-forensic-copy-decoder/internal/ui/view.go:55.20,56.26 1 0
github.com/Devolvio-B-V/cloudflare-dlp-forensic-copy-decoder/internal/ui/view.go:57.19,58.25 1 0
github.com/Devolvio-B-V/cloudflare-dlp-forensic-copy-decoder/internal/ui/view.go:59.18,60.24 1 0
github.com/Devolvio-B-V/cloudflare-dlp-forensic-copy-decoder/internal/ui/view.go:61.17,62.23 1 0
github.com/Devolvio-B-V/cloudflare-dlp-forensic-copy-decoder/internal/ui/view.go:63.10,64.24 1 0
github.com/Devolvio-B-V/cloudflare-dlp-forensic-copy-decoder/internal/ui/view.go:68.41,76.26 5 0
github.com/Devolvio-B-V/cloudflare-dlp-forensic-copy-decoder/internal/ui/view.go:76.26,79.3 2 0
github.com/Devolvio-B-V/cloudflare-dlp-forensic-copy-decoder/internal/ui/view.go:82.2,91.20 6 0
github.com/Devolvio-B-V/cloudflare-dlp-forensic-copy-decoder/internal/ui/view.go:91.20,93.3 1 0
github.com/Devolvio-B-V/cloudflare-dlp-forensic-copy-decoder/internal/ui/view.go:95.2,97.27 3 0
github.com/Devolvio-B-V/cloudflare-dlp-forensic-copy-decoder/internal/ui/view.go:97.27,99.3 1 0
github.com/Devolvio-B-V/cloudflare-dlp-forensic-copy-decoder/internal/ui/view.go:101.2,101.23 1 0
github.com/Devolvio-B-V/cloudflare-dlp-forensic-copy-decoder/internal/ui/view.go:101.23,104.3 2 0
github.com/Devolvio-B-V/cloudflare-dlp-forensic-copy-decoder/internal/ui/view.go:104.8,105.38 1 0
github.com/Devolvio-B-V/cloudflare-dlp-forensic-copy-decoder/internal/ui/view.go:105.38,109.19 3 0
github.com/Devolvio-B-V/cloudflare-dlp-forensic-copy-decoder/internal/ui/view.go:109.19,111.27 2 0
github.com/Devolvio-B-V/cloudflare-dlp-forensic-copy-decoder/internal/ui/view.go:111.27,113.6 1 0
github.com/Devolvio-B-V/cloudflare-dlp-forensic-copy-decoder/internal/ui/view.go:114.5,114.52 1 0
github.com/Devolvio-B-V/cloudflare-dlp-forensic-copy-decoder/internal/ui/view.go:115.10,117.49 2 0
github.com/Devolvio-B-V/cloudflare-dlp-forensic-copy-decoder/internal/ui/view.go:117.49,119.6 1 0
github.com/Devolvio-B-V/cloudflare-dlp-forensic-copy-decoder/internal/ui/view.go:120.5,120.52 1 0
github.com/Devolvio-B-V/cloudflare-dlp-forensic-copy-decoder/internal/ui/view.go:123.4,123.24 1 0
github.com/Devolvio-B-V/cloudflare-dlp-forensic-copy-decoder/internal/ui/view.go:123.24,125.5 1 0
github.com/Devolvio-B-V/cloudflare-dlp-forensic-copy-decoder/internal/ui/view.go:125.10,125.26 1 0
github.com/Devolvio-B-V/cloudflare-dlp-forensic-copy-decoder/internal/ui/view.go:125.26,127.5 1 0
github.com/Devolvio-B-V/cloudflare-dlp-forensic-copy-decoder/internal/ui/view.go:127.10,129.5 1 0
github.com/Devolvio-B-V/cloudflare-dlp-forensic-copy-decoder/internal/ui/view.go:130.4,130.23 1 0
github.com/Devolvio-B-V/cloudflare-dlp-forensic-copy-decoder/internal/ui/view.go:134.3,134.32 1 0
github.com/Devolvio-B-V/cloudflare-dlp-forensic-copy-decoder/internal/ui/view.go:134.32,137.4 2 0
github.com/Devolvio-B-V/cloudflare-dlp-forensic-copy-decoder/internal/ui/view.go:140.2,148.27 4 0
github.com/Devolvio-B-V/cloudflare-dlp-forensic-copy-decoder/internal/ui/view.go:148.27,151.3 2 0
github.com/Devolvio-B-V/cloudflare-dlp-forensic-copy-decoder/internal/ui/view.go:153.2,153.19 1 0
github.com/Devolvio-B-V/cloudflare-dlp-forensic-copy-decoder/internal/ui/view.go:156.38,167.2 7 0
github.com/Devolvio-B-V/cloudflare-dlp-forensic-copy-decoder/internal/ui/view.go:169.37,182.21 6 0
github.com/Devolvio-B-V/cloudflare-dlp-forensic-copy-decoder/internal/ui/view.go:182.21,184.3 1 0
github.com/Devolvio-B-V/cloudflare-dlp-forensic-copy-decoder/internal/ui/view.go:184.8,184.28 1 0
github.com/Devolvio-B-V/cloudflare-dlp-forensic-copy-decoder/internal/ui/view.go:184.28,186.3 1 0
github.com/Devolvio-B-V/cloudflare-dlp-forensic-copy-decoder/internal/ui/view.go:187.2,205.27 11 0
github.com/Devolvio-B-V/cloudflare-dlp-forensic-copy-decoder/internal/ui/view.go:205.27,207.100 2 0
github.com/Devolvio-B-V/cloudflare-dlp-forensic-copy-decoder/internal/ui/view.go:207.100,209.4 1 0
github.com/Devolvio-B-V/cloudflare-dlp-forensic-copy-decoder/internal/ui/view.go:209.9,211.4 1 0
github.com/Devolvio-B-V/cloudflare-dlp-forensic-copy-decoder/internal/ui/view.go:214.2,214.19 1 0
github.com/Devolvio-B-V/cloudflare-dlp-forensic-copy-decoder/internal/ui/view.go:217.36,228.24 8 0
github.com/Devolvio-B-V/cloudflare-dlp-forensic-copy-decoder/internal/ui/view.go:228.24,230.3 1 0
github.com/Devolvio-B-V/cloudflare-dlp-forensic-copy-decoder/internal/ui/view.go:230.8,232.3 1 0
github.com/Devolvio-B-V/cloudflare-dlp-forensic-copy-decoder/internal/ui/view.go:233.2,238.27 4 0
github.com/Devolvio-B-V/cloudflare-dlp-forensic-copy-decoder/internal/ui/view.go:238.27,241.3 2 0
github.com/Devolvio-B-V/cloudflare-dlp-forensic-copy-decoder/internal/ui/view.go:243.2,243.19 1 0
github.com/Devolvio-B-V/cloudflare-dlp-forensic-copy-decoder/internal/ui/view.go:246.35,264.2 12 0
github.com/Devolvio-B-V/cloudflare-dlp-forensic-copy-decoder/internal/ui/view.go:268.44,269.22 1 0
github.com/Devolvio-B-V/cloudflare-dlp-forensic-copy-decoder/internal/ui/view.go:269.22,271.3 1 0
github.com/Devolvio-B-V/cloudflare-dlp-forensic-copy-decoder/internal/ui/view.go:272.2,272.29 1 0
github.com/Devolvio-B-V/cloudflare-dlp-forensic-copy-decoder/internal/ui/view.go:275.46,276.16 1 0
github.com/Devolvio-B-V/cloudflare-dlp-forensic-copy-decoder/internal/ui/view.go:276.16,278.3 1 0
github.com/Devolvio-B-V/cloudflare-dlp-forensic-copy-decoder/internal/ui/view.go:280.2,283.29 3 0
github.com/Devolvio-B-V/cloudflare-dlp-forensic-copy-decoder/internal/ui/view.go:283.29,284.25 1 0
github.com/Devolvio-B-V/cloudflare-dlp-forensic-copy-decoder/internal/ui/view.go:284.25,287.12 3 0
github.com/Devolvio-B-V/cloudflare-dlp-forensic-copy-decoder/internal/ui/view.go:291.3,291.25 1 0
github.com/Devolvio-B-V/cloudflare-dlp-forensic-copy-decoder/internal/ui/view.go:291.25,295.4 3 0
github.com/Devolvio-B-V/cloudflare-dlp-forensic-copy-decoder/internal/ui/view.go:296.3,296.20 1 0
github.com/Devolvio-B-V/cloudflare-dlp-forensic-copy-decoder/internal/ui/view.go:296.20,299.4 2 0
github.com/Devolvio-B-V/cloudflare-dlp-forensic-copy-decoder/internal/ui/view.go:302.2,302.24 1 0
