mode: atomic
github.com/Devolvio-B-V/cloudflare-dlp-forensic-copy-decoder/pkg/utils/io.go:12.48,13.31 1 0
github.com/Devolvio-B-V/cloudflare-dlp-forensic-copy-decoder/pkg/utils/io.go:13.31,16.3 1 0
github.com/Devolvio-B-V/cloudflare-dlp-forensic-copy-decoder/pkg/utils/io.go:19.2,20.16 2 0
github.com/Devolvio-B-V/cloudflare-dlp-forensic-copy-decoder/pkg/utils/io.go:20.16,22.3 1 0
github.com/Devolvio-B-V/cloudflare-dlp-forensic-copy-decoder/pkg/utils/io.go:24.2,24.18 1 0
github.com/Devolvio-B-V/cloudflare-dlp-forensic-copy-decoder/pkg/utils/io.go:28.64,30.16 1 0
github.com/Devolvio-B-V/cloudflare-dlp-forensic-copy-decoder/pkg/utils/io.go:30.16,31.42 1 0
github.com/Devolvio-B-V/cloudflare-dlp-forensic-copy-decoder/pkg/utils/io.go:31.42,33.4 1 0
github.com/Devolvio-B-V/cloudflare-dlp-forensic-copy-decoder/pkg/utils/io.go:37.2,38.29 2 0
github.com/Devolvio-B-V/cloudflare-dlp-forensic-copy-decoder/pkg/utils/io.go:38.29,39.48 1 0
github.com/Devolvio-B-V/cloudflare-dlp-forensic-copy-decoder/pkg/utils/io.go:39.48,41.4 1 0
github.com/Devolvio-B-V/cloudflare-dlp-forensic-copy-decoder/pkg/utils/io.go:45.2,46.58 2 0
github.com/Devolvio-B-V/cloudflare-dlp-forensic-copy-decoder/pkg/utils/io.go:46.58,48.3 1 0
github.com/Devolvio-B-V/cloudflare-dlp-forensic-copy-decoder/pkg/utils/io.go:51.2,51.49 1 0
github.com/Devolvio-B-V/cloudflare-dlp-forensic-copy-decoder/pkg/utils/io.go:51.49,54.3 2 0
github.com/Devolvio-B-V/cloudflare-dlp-forensic-copy-decoder/pkg/utils/io.go:56.2,56.12 1 0
github.com/Devolvio-B-V/cloudflare-dlp-forensic-copy-decoder/pkg/utils/io.go:60.35,63.2 2 0
github.com/Devolvio-B-V/cloudflare-dlp-forensic-copy-decoder/pkg/utils/io.go:66.51,68.16 2 0
github.com/Devolvio-B-V/cloudflare-dlp-forensic-copy-decoder/pkg/utils/io.go:68.16,70.3 1 0
github.com/Devolvio-B-V/cloudflare-dlp-forensic-copy-decoder/pkg/utils/io.go:71.2,71.18 1 0
github.com/Devolvio-B-V/cloudflare-dlp-forensic-copy-decoder/internal/ui/filebrowser.go:28.60,29.20 1 0
github.com/Devolvio-B-V/cloudflare-dlp-forensic-copy-decoder/internal/ui/filebrowser.go:29.20,32.17 3 0
github.com/Devolvio-B-V/cloudflare-dlp-forensic-copy-decoder/internal/ui/filebrowser.go:32.17,34.4 1 0
github.com/Devolvio-B-V/cloudflare-dlp-forensic-copy-decoder/internal/ui/filebrowser.go:37.2,41.41 2 0
github.com/Devolvio-B-V/cloudflare-dlp-forensic-copy-decoder/internal/ui/filebrowser.go:41.41,43.3 1 0
github.com/Devolvio-B-V/cloudflare-dlp-forensic-copy-decoder/internal/ui/filebrowser.go:45.2,45.16 1 0
github.com/Devolvio-B-V/cloudflare-dlp-forensic-copy-decoder/internal/ui/filebrowser.go:49.44,53.50 2 0
github.com/Devolvio-B-V/cloudflare-dlp-forensic-copy-decoder/internal/ui/filebrowser.go:53.50,59.3 1 0
github.com/Devolvio-B-V/cloudflare-dlp-forensic-copy-decoder/internal/ui/filebrowser.go:62.2,63.16 2 0
github.com/Devolvio-B-V/cloudflare-dlp-forensic-copy-decoder/internal/ui/filebrowser.go:63.16,65.3 1 0
github.com/Devolvio-B-V/cloudflare-dlp-forensic-copy-decoder/internal/ui/filebrowser.go:68.2,68.35 1 0
github.com/Devolvio-B-V/cloudflare-dlp-forensic-copy-decoder/internal/ui/filebrowser.go:68.35,70.43 1 0
github.com/Devolvio-B-V/cloudflare-dlp-forensic-copy-decoder/internal/ui/filebrowser.go:70.43,71.12 1 0
github.com/Devolvio-B-V/cloudflare-dlp-forensic-copy-decoder/internal/ui/filebrowser.go:74.3,75.17 2 0
github.com/Devolvio-B-V/cloudflare-dlp-forensic-copy-decoder/internal/ui/filebrowser.go:75.17,76.12 1 0
github.com/Devolvio-B-V/cloudflare-dlp-forensic-copy-decoder/internal/ui/filebrowser.go:79.3,86.5 2 0
github.com/Devolvio-B-V/cloudflare-dlp-forensic-copy-decoder/internal/ui/filebrowser.go:90.2,90.42 1 0
github.com/Devolvio-B-V/cloudflare-dlp-forensic-copy-decoder/internal/ui/filebrowser.go:90.42,91.43 1 0
github.com/Devolvio-B-V/cloudflare-dlp-forensic-copy-decoder/internal/ui/filebrowser.go:91.43,93.4 1 0
github.com/Devolvio-B-V/cloudflare-dlp-forensic-copy-decoder/internal/ui/filebrowser.go:94.3,94.77 1 0
github.com/Devolvio-B-V/cloudflare-dlp-forensic-copy-decoder/internal/ui/filebrowser.go:97.2,101.12 4 0
github.com/Devolvio-B-V/cloudflare-dlp-forensic-copy-decoder/internal/ui/filebrowser.go:105.33,106.26 1 0
github.com/Devolvio-B-V/cloudflare-dlp-forensic-copy-decoder/internal/ui/filebrowser.go:106.26,109.39 2 0
github.com/Devolvio-B-V/cloudflare-dlp-forensic-copy-decoder/internal/ui/filebrowser.go:109.39,111.4 1 0
github.com/Devolvio-B-V/cloudflare-dlp-forensic-copy-decoder/internal/ui/filebrowser.go:116.35,117.42 1 0
github.com/Devolvio-B-V/cloudflare-dlp-forensic-copy-decoder/internal/ui/filebrowser.go:117.42,119.3 1 0
github.com/Devolvio-B-V/cloudflare-dlp-forensic-copy-decoder/internal/ui/filebrowser.go:123.54,124.26 1 0
github.com/Devolvio-B-V/cloudflare-dlp-forensic-copy-decoder/internal/ui/filebrowser.go:124.26,126.3 1 0
github.com/Devolvio-B-V/cloudflare-dlp-forensic-copy-decoder/internal/ui/filebrowser.go:128.2,130.20 2 0
github.com/Devolvio-B-V/cloudflare-dlp-forensic-copy-decoder/internal/ui/filebrowser.go:130.20,132.42 2 0
github.com/Devolvio-B-V/cloudflare-dlp-forensic-copy-decoder/internal/ui/filebrowser.go:132.42,134.4 1 0
github.com/Devolvio-B-V/cloudflare-dlp-forensic-copy-decoder/internal/ui/filebrowser.go:135.3,135.24 1 0
github.com/Devolvio-B-V/cloudflare-dlp-forensic-copy-decoder/internal/ui/filebrowser.go:139.2,139.49 1 0
github.com/Devolvio-B-V/cloudflare-dlp-forensic-copy-decoder/internal/ui/filebrowser.go:139.49,141.3 1 0
github.com/Devolvio-B-V/cloudflare-dlp-forensic-copy-decoder/internal/ui/filebrowser.go:143.2,143.23 1 0
github.com/Devolvio-B-V/cloudflare-dlp-forensic-copy-decoder/internal/ui/filebrowser.go:147.54,148.26 1 0
github.com/Devolvio-B-V/cloudflare-dlp-forensic-copy-decoder/internal/ui/filebrowser.go:148.26,150.3 1 0
github.com/Devolvio-B-V/cloudflare-dlp-forensic-copy-decoder/internal/ui/filebrowser.go:151.2,151.38 1 0
github.com/Devolvio-B-V/cloudflare-dlp-forensic-copy-decoder/internal/ui/filebrowser.go:155.49,157.2 1 0
github.com/Devolvio-B-V/cloudflare-dlp-forensic-copy-decoder/internal/ui/filebrowser.go:160.47,162.2 1 0
github.com/Devolvio-B-V/cloudflare-dlp-forensic-copy-decoder/internal/ui/filebrowser.go:165.47,167.2 1 0
github.com/Devolvio-B-V/cloudflare-dlp-forensic-copy-decoder/internal/ui/filebrowser.go:170.44,172.2 1 0
github.com/Devolvio-B-V/cloudflare-dlp-forensic-copy-decoder/internal/ui/filebrowser.go:175.50,177.2 1 0
github.com/Devolvio-B-V/cloudflare-dlp-forensic-copy-decoder/internal/ui/filebrowser.go:180.44,182.16 2 0
github.com/Devolvio-B-V/cloudflare-dlp-forensic-copy-decoder/internal/ui/filebrowser.go:182.16,184.3 1 0
github.com/Devolvio-B-V/cloudflare-dlp-forensic-copy-decoder/internal/ui/filebrowser.go:185.2,186.25 2 0
github.com/Devolvio-B-V/cloudflare-dlp-forensic-copy-decoder/internal/ui/filebrowser.go:190.50,193.16 2 0
github.com/Devolvio-B-V/cloudflare-dlp-forensic-copy-decoder/internal/ui/filebrowser.go:193.16,195.3 1 0
github.com/Devolvio-B-V/cloudflare-dlp-forensic-copy-decoder/internal/ui/filebrowser.go:198.2,199.16 2 0
github.com/Devolvio-B-V/cloudflare-dlp-forensic-copy-decoder/internal/ui/filebrowser.go:199.16,201.3 1 0
github.com/Devolvio-B-V/cloudflare-dlp-forensic-copy-decoder/internal/ui/filebrowser.go:203.2,203.19 1 0
github.com/Devolvio-B-V/cloudflare-dlp-forensic-copy-decoder/internal/ui/filebrowser.go:203.19,205.3 1 0
github.com/Devolvio-B-V/cloudflare-dlp-forensic-copy-decoder/internal/ui/filebrowser.go:207.2,208.25 2 0
github.com/Devolvio-B-V/cloudflare-dlp-forensic-copy-decoder/internal/ui/model.go:41.39,46.21 3 0
github.com/Devolvio-B-V/cloudflare-dlp-forensic-copy-decoder/internal/ui/model.go:46.21,48.3 1 0
github.com/Devolvio-B-V/cloudflare-dlp-forensic-copy-decoder/internal/ui/model.go:48.8,52.17 3 0
github.com/Devolvio-B-V/cloudflare-dlp-forensic-copy-decoder/internal/ui/model.go:52.17,55.4 1 0
github.com/Devolvio-B-V/cloudflare-dlp-forensic-copy-decoder/internal/ui/model.go:58.2,65.3 1 0
github.com/Devolvio-B-V/cloudflare-dlp-forensic-copy-decoder/internal/ui/model.go:69.31,71.23 1 0
github.com/Devolvio-B-V/cloudflare-dlp-forensic-copy-decoder/internal/ui/model.go:71.23,73.3 1 0
github.com/Devolvio-B-V/cloudflare-dlp-forensic-copy-decoder/internal/ui/model.go:74.2,74.12 1 0
github.com/Devolvio-B-V/cloudflare-dlp-forensic-copy-decoder/internal/ui/model.go:78.57,79.27 1 0
github.com/Devolvio-B-V/cloudflare-dlp-forensic-copy-decoder/internal/ui/model.go:80.18,81.31 1 0
github.com/Devolvio-B-V/cloudflare-dlp-forensic-copy-decoder/internal/ui/model.go:82.25,87.15 3 0
github.com/Devolvio-B-V/cloudflare-dlp-forensic-copy-decoder/internal/ui/model.go:87.15,90.4 2 0
github.com/Devolvio-B-V/cloudflare-dlp-forensic-copy-decoder/internal/ui/model.go:90.9,93.4 2 0
github.com/Devolvio-B-V/cloudflare-dlp-forensic-copy-decoder/internal/ui/model.go:95.3,95.16 1 0
github.com/Devolvio-B-V/cloudflare-dlp-forensic-copy-decoder/internal/ui/model.go:96.24,105.16 6 0
github.com/Devolvio-B-V/cloudflare-dlp-forensic-copy-decoder/internal/ui/model.go:106.22,109.16 3 0
github.com/Devolvio-B-V/cloudflare-dlp-forensic-copy-decoder/internal/ui/model.go:110.24,114.16 4 0
github.com/Devolvio-B-V/cloudflare-dlp-forensic-copy-decoder/internal/ui/model.go:115.22,117.16 2 0
github.com/Devolvio-B-V/cloudflare-dlp-forensic-copy-decoder/internal/ui/model.go:121.2,121.27 1 0
github.com/Devolvio-B-V/cloudflare-dlp-forensic-copy-decoder/internal/ui/model.go:121.27,125.3 3 0
github.com/Devolvio-B-V/cloudflare-dlp-forensic-copy-decoder/internal/ui/model.go:127.2,127.15 1 0
github.com/Devolvio-B-V/cloudflare-dlp-forensic-copy-decoder/internal/ui/model.go:131.68,132.16 1 0
github.com/Devolvio-B-V/cloudflare-dlp-forensic-copy-decoder/internal/ui/model.go:133.23,134.23 1 0
github.com/Devolvio-B-V/cloudflare-dlp-forensic-copy-decoder/internal/ui/model.go:135.22,136.22 1 0
github.com/Devolvio-B-V/cloudflare-dlp-forensic-copy-decoder/internal/ui/model.go:137.20,138.28 1 0
github.com/Devolvio-B-V/cloudflare-dlp-forensic-copy-decoder/internal/ui/model.go:138.28,140.5 1 0
github.com/Devolvio-B-V/cloudflare-dlp-forensic-copy-decoder/internal/ui/model.go:141.18,142.28 1 0
github.com/Devolvio-B-V/cloudflare-dlp-forensic-copy-decoder/internal/ui/model.go:142.28,144.5 1 0
github.com/Devolvio-B-V/cloudflare-dlp-forensic-copy-decoder/internal/ui/model.go:145.16,146.28 1 0
github.com/Devolvio-B-V/cloudflare-dlp-forensic-copy-decoder/internal/ui/model.go:146.28,148.19 2 0
github.com/Devolvio-B-V/cloudflare-dlp-forensic-copy-decoder/internal/ui/model.go:148.19,150.6 1 0
github.com/Devolvio-B-V/cloudflare-dlp-forensic-copy-decoder/internal/ui/model.go:150.11,150.22 1 0
github.com/Devolvio-B-V/cloudflare-dlp-forensic-copy-decoder/internal/ui/model.go:150.22,155.6 3 0
github.com/Devolvio-B-V/cloudflare-dlp-forensic-copy-decoder/internal/ui/model.go:157.12,159.28 1 0
github.com/Devolvio-B-V/cloudflare-dlp-forensic-copy-decoder/internal/ui/model.go:159.28,160.55 1 0
github.com/Devolvio-B-V/cloudflare-dlp-forensic-copy-decoder/internal/ui/model.go:160.55,162.6 1 0
github.com/Devolvio-B-V/cloudflare-dlp-forensic-copy-decoder/internal/ui/model.go:164.12,166.28 1 0
github.com/Devolvio-B-V/cloudflare-dlp-forensic-copy-decoder/internal/ui/model.go:166.28,169.5 2 0
github.com/Devolvio-B-V/cloudflare-dlp-forensic-copy-decoder/internal/ui/model.go:170.12,172.62 1 0
github.com/Devolvio-B-V/cloudflare-dlp-forensic-copy-decoder/internal/ui/model.go:172.62,174.5 1 0
github.com/Devolvio-B-V/cloudflare-dlp-forensic-copy-decoder/internal/ui/model.go:177.19,178.23 1 0
github.com/Devolvio-B-V/cloudflare-dlp-forensic-copy-decoder/internal/ui/model.go:179.22,180.22 1 0
github.com/Devolvio-B-V/cloudflare-dlp-forensic-copy-decoder/internal/ui/model.go:181.12,183.60 2 0
github.com/Devolvio-B-V/cloudflare-dlp-forensic-copy-decoder/internal/ui/model.go:184.17,186.73 2 0
github.com/Devolvio-B-V/cloudflare-dlp-forensic-copy-decoder/internal/ui/model.go:187.17,191.18 3 0
github.com/Devolvio-B-V/cloudflare-dlp-forensic-copy-decoder/internal/ui/model.go:192.20,193.26 1 0
github.com/Devolvio-B-V/cloudflare-dlp-forensic-copy-decoder/internal/ui/model.go:194.18,195.24 1 0
github.com/Devolvio-B-V/cloudflare-dlp-forensic-copy-decoder/internal/ui/model.go:196.22,197.29 1 0
github.com/Devolvio-B-V/cloudflare-dlp-forensic-copy-decoder/internal/ui/model.go:198.22,199.27 1 0
github.com/Devolvio-B-V/cloudflare-dlp-forensic-copy-decoder/internal/ui/model.go:200.12,201.24 1 0
github.com/Devolvio-B-V/cloudflare-dlp-forensic-copy-decoder/internal/ui/model.go:202.12,203.27 1 0
github.com/Devolvio-B-V/cloudflare-dlp-forensic-copy-decoder/internal/ui/model.go:206.18,207.23 1 0
github.com/Devolvio-B-V/cloudflare-dlp-forensic-copy-decoder/internal/ui/model.go:208.14,211.24 3 0
github.com/Devolvio-B-V/cloudflare-dlp-forensic-copy-decoder/internal/ui/model.go:212.16,213.28 1 0
github.com/Devolvio-B-V/cloudflare-dlp-forensic-copy-decoder/internal/ui/model.go:214.20,215.29 1 0
github.com/Devolvio-B-V/cloudflare-dlp-forensic-copy-decoder/internal/ui/model.go:215.29,217.5 1 0
github.com/Devolvio-B-V/cloudflare-dlp-forensic-copy-decoder/internal/ui/model.go:218.11,219.30 1 0
github.com/Devolvio-B-V/cloudflare-dlp-forensic-copy-decoder/internal/ui/model.go:219.30,221.5 1 0
github.com/Devolvio-B-V/cloudflare-dlp-forensic-copy-decoder/internal/ui/model.go:224.17,225.23 1 0
github.com/Devolvio-B-V/cloudflare-dlp-forensic-copy-decoder/internal/ui/model.go:226.22,227.22 1 0
github.com/Devolvio-B-V/cloudflare-dlp-forensic-copy-decoder/internal/ui/model.go:228.17,231.47 3 0
github.com/Devolvio-B-V/cloudflare-dlp-forensic-copy-decoder/internal/ui/model.go:235.2,235.15 1 0
github.com/Devolvio-B-V/cloudflare-dlp-forensic-copy-decoder/internal/ui/model.go:258.33,259.24 1 0
github.com/Devolvio-B-V/cloudflare-dlp-forensic-copy-decoder/internal/ui/model.go:259.24,262.17 2 0
github.com/Devolvio-B-V/cloudflare-dlp-forensic-copy-decoder/internal/ui/model.go:262.17,264.4 1 0
github.com/Devolvio-B-V/cloudflare-dlp-forensic-copy-decoder/internal/ui/model.go:267.3,272.17 3 0
github.com/Devolvio-B-V/cloudflare-dlp-forensic-copy-decoder/internal/ui/model.go:272.17,274.4 1 0
github.com/Devolvio-B-V/cloudflare-dlp-forensic-copy-decoder/internal/ui/model.go:276.3,276.42 1 0
github.com/Devolvio-B-V/cloudflare-dlp-forensic-copy-decoder/internal/ui/model.go:280.37,281.24 1 0
github.com/Devolvio-B-V/cloudflare-dlp-forensic-copy-decoder/internal/ui/model.go:281.24,283.17 2 0
github.com/Devolvio-B-V/cloudflare-dlp-forensic-copy-decoder/internal/ui/model.go:283.17,286.4 1 0
github.com/Devolvio-B-V/cloudflare-dlp-forensic-copy-decoder/internal/ui/model.go:289.3,289.71 1 0
github.com/Devolvio-B-V/cloudflare-dlp-forensic-copy-decoder/internal/ui/model.go:289.71,291.4 1 0
github.com/Devolvio-B-V/cloudflare-dlp-forensic-copy-decoder/internal/ui/model.go:294.3,295.82 2 0
github.com/Devolvio-B-V/cloudflare-dlp-forensic-copy-decoder/internal/ui/model.go:295.82,297.4 1 0
github.com/Devolvio-B-V/cloudflare-dlp-forensic-copy-decoder/internal/ui/model.go:299.3,299.38 1 0
github.com/Devolvio-B-V/cloudflare-dlp-forensic-copy-decoder/internal/ui/view.go:51.30,52.16 1 0
github.com/Devolvio-B-V/cloudflare-dlp-forensic-copy-decoder/internal/ui/view.go:53.23,54.29 1 0
github.com/Devolvio-B-V/cloudflare-dlp-forensic-copy-decoder/internal/ui/view.go:55.20,56.26 1 0
github.com/Devolvio-B-V/cloudflare-dlp-forensic-copy-decoder/internal/ui/view.go:57.19,58.25 1 0
github.com/Devolvio-B-V/cloudflare-dlp-forensic-copy-decoder/internal/ui/view.go:59.18,60.24 1 0
github.com/Devolvio-B-V/cloudflare-dlp-forensic-copy-decoder/internal/ui/view.go:61.17,62.23 1 0
github.com/Devolvio-B-V/cloudflare-dlp-forensic-copy-decoder/internal/ui/view.go:63.10,64.24 1 0
github.com/Devolvio-B-V/cloudflare-dlp-forensic-copy-decoder/internal/ui/view.go:68.41,76.26 5 0
github.com/Devolvio-B-V/cloudflare-dlp-forensic-copy-decoder/internal/ui/view.go:76.26,79.3 2 0
github.com/Devolvio-B-V/cloudflare-dlp-forensic-copy-decoder/internal/ui/view.go:82.2,91.20 6 0
github.com/Devolvio-B-V/cloudflare-dlp-forensic-copy-decoder/internal/ui/view.go:91.20,93.3 1 0
github.com/Devolvio-B-V/cloudflare-dlp-forensic-copy-decoder/internal/ui/view.go:95.2,97.27 3 0
github.com/Devolvio-B-V/cloudflare-dlp-forensic-copy-decoder/internal/ui/view.go:97.27,99.3 1 0
github.com/Devolvio-B-V/cloudflare-dlp-forensic-copy-decoder/internal/ui/view.go:102.2,102.28 1 0
github.com/Devolvio-B-V/cloudflare-dlp-forensic-copy-decoder/internal/ui/view.go:102.28,105.28 3 0
github.com/Devolvio-B-V/cloudflare-dlp-forensic-copy-decoder/internal/ui/view.go:105.28,107.4 1 0
github.com/Devolvio-B-V/cloudflare-dlp-forensic-copy-decoder/internal/ui/view.go:108.3,108.40 1 0
github.com/Devolvio-B-V/cloudflare-dlp-forensic-copy-decoder/internal/ui/view.go:109.8,109.34 1 0
github.com/Devolvio-B-V/cloudflare-dlp-forensic-copy-decoder/internal/ui/view.go:109.34,112.19 3 0
github.com/Devolvio-B-V/cloudflare-dlp-forensic-copy-decoder/internal/ui/view.go:112.19,114.4 1 0
github.com/Devolvio-B-V/cloudflare-dlp-forensic-copy-decoder/internal/ui/view.go:115.3,115.40 1 0
github.com/Devolvio-B-V/cloudflare-dlp-forensic-copy-decoder/internal/ui/view.go:118.2,118.23 1 0
github.com/Devolvio-B-V/cloudflare-dlp-forensic-copy-decoder/internal/ui/view.go:118.23,121.3 2 0
github.com/Devolvio-B-V/cloudflare-dlp-forensic-copy-decoder/internal/ui/view.go:121.8,122.38 1 0
github.com/Devolvio-B-V/cloudflare-dlp-forensic-copy-decoder/internal/ui/view.go:122.38,126.19 3 0
github.com/Devolvio-B-V/cloudflare-dlp-forensic-copy-decoder/internal/ui/view.go:126.19,128.27 2 0
github.com/Devolvio-B-V/cloudflare-dlp-forensic-copy-decoder/internal/ui/view.go:128.27,130.6 1 0
github.com/Devolvio-B-V/cloudflare-dlp-forensic-copy-decoder/internal/ui/view.go:131.5,131.52 1 0
github.com/Devolvio-B-V/cloudflare-dlp-forensic-copy-decoder/internal/ui/view.go:132.10,134.49 2 0
github.com/Devolvio-B-V/cloudflare-dlp-forensic-copy-decoder/internal/ui/view.go:134.49,136.6 1 0
github.com/Devolvio-B-V/cloudflare-dlp-forensic-copy-decoder/internal/ui/view.go:137.5,137.52 1 0
github.com/Devolvio-B-V/cloudflare-dlp-forensic-copy-decoder/internal/ui/view.go:140.4,140.24 1 0
github.com/Devolvio-B-V/cloudflare-dlp-forensic-copy-decoder/internal/ui/view.go:140.24,142.5 1 0
github.com/Devolvio-B-V/cloudflare-dlp-forensic-copy-decoder/internal/ui/view.go:142.10,142.26 1 0
github.com/Devolvio-B-V/cloudflare-dlp-forensic-copy-decoder/internal/ui/view.go:142.26,144.5 1 0
github.com/Devolvio-B-V/cloudflare-dlp-forensic-copy-decoder/internal/ui/view.go:144.10,146.5 1 0
github.com/Devolvio-B-V/cloudflare-dlp-forensic-copy-decoder/internal/ui/view.go:147.4,147.23 1 0
github.com/Devolvio-B-V/cloudflare-dlp-forensic-copy-decoder/internal/ui/view.go:151.3,151.32 1 0
github.com/Devolvio-B-V/cloudflare-dlp-forensic-copy-decoder/internal/ui/view.go:151.32,154.4 2 0
github.com/Devolvio-B-V/cloudflare-dlp-forensic-copy-decoder/internal/ui/view.go:157.2,165.27 4 0
github.com/Devolvio-B-V/cloudflare-dlp-forensic-copy-decoder/internal/ui/view.go:165.27,168.3 2 0
github.com/Devolvio-B-V/cloudflare-dlp-forensic-copy-decoder/internal/ui/view.go:170.2,170.19 1 0
github.com/Devolvio-B-V/cloudflare-dlp-forensic-copy-decoder/internal/ui/view.go:173.38,184.2 7 0
github.com/Devolvio-B-V/cloudflare-dlp-forensic-copy-decoder/internal/ui/view.go:186.37,199.21 6 0
github.com/Devolvio-B-V/cloudflare-dlp-forensic-copy-decoder/internal/ui/view.go:199.21,201.3 1 0
github.com/Devolvio-B-V/cloudflare-dlp-forensic-copy-decoder/internal/ui/view.go:201.8,201.28 1 0
github.com/Devolvio-B-V/cloudflare-dlp-forensic-copy-decoder/internal/ui/view.go:201.28,203.3 1 0
github.com/Devolvio-B-V/cloudflare-dlp-forensic-copy-decoder/internal/ui/view.go:204.2,222.27 11 0
github.com/Devolvio-B-V/cloudflare-dlp-forensic-copy-decoder/internal/ui/view.go:222.27,224.100 2 0
github.com/Devolvio-B-V/cloudflare-dlp-forensic-copy-decoder/internal/ui/view.go:224.100,226.4 1 0
github.com/Devolvio-B-V/cloudflare-dlp-forensic-copy-decoder/internal/ui/view.go:226.9,228.4 1 0
github.com/Devolvio-B-V/cloudflare-dlp-forensic-copy-decoder/internal/ui/view.go:231.2,231.19 1 0
github.com/Devolvio-B-V/cloudflare-dlp-forensic-copy-decoder/internal/ui/view.go:234.36,245.24 8 0
github.com/Devolvio-B-V/cloudflare-dlp-forensic-copy-decoder/internal/ui/view.go:245.24,247.3 1 0
github.com/Devolvio-B-V/cloudflare-dlp-forensic-copy-decoder/internal/ui/view.go:247.8,249.3 1 0
github.com/Devolvio-B-V/cloudflare-dlp-forensic-copy-decoder/internal/ui/view.go:250.2,255.27 4 0
github.com/Devolvio-B-V/cloudflare-dlp-forensic-copy-decoder/internal/ui/view.go:255.27,258.3 2 0
github.com/Devolvio-B-V/cloudflare-dlp-forensic-copy-decoder/internal/ui/view.go:260.2,260.19 1 0
github.com/Devolvio-B-V/cloudflare-dlp-forensic-copy-decoder/internal/ui/view.go:263.35,281.2 12 0
github.com/Devolvio-B-V/cloudflare-dlp-forensic-copy-decoder/internal/ui/view.go:285.44,286.22 1 0
github.com/Devolvio-B-V/cloudflare-dlp-forensic-copy-decoder/internal/ui/view.go:286.22,288.3 1 0
github.com/Devolvio-B-V/cloudflare-dlp-forensic-copy-decoder/internal/ui/view.go:289.2,289.29 1 0
github.com/Devolvio-B-V/cloudflare-dlp-forensic-copy-decoder/internal/ui/view.go:292.46,293.16 1 0
github.com/Devolvio-B-V/cloudflare-dlp-forensic-copy-decoder/internal/ui/view.go:293.16,295.3 1 0
github.com/Devolvio-B-V/cloudflare-dlp-forensic-copy-decoder/internal/ui/view.go:297.2,300.29 3 0
github.com/Devolvio-B-V/cloudflare-dlp-forensic-copy-decoder/internal/ui/view.go:300.29,301.25 1 0
github.com/Devolvio-B-V/cloudflare-dlp-forensic-copy-decoder/internal/ui/view.go:301.25,304.12 3 0
github.com/Devolvio-B-V/cloudflare-dlp-forensic-copy-decoder/internal/ui/view.go:308.3,308.25 1 0
github.com/Devolvio-B-V/cloudflare-dlp-forensic-copy-decoder/internal/ui/view.go:308.25,312.4 3 0
github.com/Devolvio-B-V/cloudflare-dlp-forensic-copy-decoder/internal/ui/view.go:313.3,313.20 1 0
github.com/Devolvio-B-V/cloudflare-dlp-forensic-copy-decoder/internal/ui/view.go:313.20,316.4 2 0
github.com/Devolvio-B-V/cloudflare-dlp-forensic-copy-decoder/internal/ui/view.go:319.2,319.24 1 0
github.com/Devolvio-B-V/cloudflare-dlp-forensic-copy-decoder/internal/decoder/decoder.go:47.83,50.16 2 10
github.com/Devolvio-B-V/cloudflare-dlp-forensic-copy-decoder/internal/decoder/decoder.go:50.16,52.3 1 0
github.com/Devolvio-B-V/cloudflare-dlp-forensic-copy-decoder/internal/decoder/decoder.go:53.2,56.16 3 10
github.com/Devolvio-B-V/cloudflare-dlp-forensic-copy-decoder/internal/decoder/decoder.go:56.16,58.3 1 0
github.com/Devolvio-B-V/cloudflare-dlp-forensic-copy-decoder/internal/decoder/decoder.go:61.2,62.56 2 10
github.com/Devolvio-B-V/cloudflare-dlp-forensic-copy-decoder/internal/decoder/decoder.go:62.56,64.3 1 0
github.com/Devolvio-B-V/cloudflare-dlp-forensic-copy-decoder/internal/decoder/decoder.go:67.2,68.67 2 10
github.com/Devolvio-B-V/cloudflare-dlp-forensic-copy-decoder/internal/decoder/decoder.go:68.67,70.3 1 0
github.com/Devolvio-B-V/cloudflare-dlp-forensic-copy-decoder/internal/decoder/decoder.go:73.2,83.25 5 10
github.com/Devolvio-B-V/cloudflare-dlp-forensic-copy-decoder/internal/decoder/decoder.go:83.25,85.3 1 1
github.com/Devolvio-B-V/cloudflare-dlp-forensic-copy-decoder/internal/decoder/decoder.go:87.2,88.16 2 9
github.com/Devolvio-B-V/cloudflare-dlp-forensic-copy-decoder/internal/decoder/decoder.go:88.16,90.3 1 1
github.com/Devolvio-B-V/cloudflare-dlp-forensic-copy-decoder/internal/decoder/decoder.go:93.2,93.31 1 8
github.com/Devolvio-B-V/cloudflare-dlp-forensic-copy-decoder/internal/decoder/decoder.go:93.31,95.17 2 2
github.com/Devolvio-B-V/cloudflare-dlp-forensic-copy-decoder/internal/decoder/decoder.go:95.17,97.4 1 0
github.com/Devolvio-B-V/cloudflare-dlp-forensic-copy-decoder/internal/decoder/decoder.go:98.8,98.41 1 6
github.com/Devolvio-B-V/cloudflare-dlp-forensic-copy-decoder/internal/decoder/decoder.go:98.41,100.17 2 0
github.com/Devolvio-B-V/cloudflare-dlp-forensic-copy-decoder/internal/decoder/decoder.go:100.17,102.4 1 0
github.com/Devolvio-B-V/cloudflare-dlp-forensic-copy-decoder/internal/decoder/decoder.go:103.8,103.34 1 6
github.com/Devolvio-B-V/cloudflare-dlp-forensic-copy-decoder/internal/decoder/decoder.go:103.34,106.3 1 6
github.com/Devolvio-B-V/cloudflare-dlp-forensic-copy-decoder/internal/decoder/decoder.go:109.2,109.56 1 8
github.com/Devolvio-B-V/cloudflare-dlp-forensic-copy-decoder/internal/decoder/decoder.go:109.56,112.52 2 3
github.com/Devolvio-B-V/cloudflare-dlp-forensic-copy-decoder/internal/decoder/decoder.go:112.52,114.4 1 1
github.com/Devolvio-B-V/cloudflare-dlp-forensic-copy-decoder/internal/decoder/decoder.go:115.3,116.77 2 2
github.com/Devolvio-B-V/cloudflare-dlp-forensic-copy-decoder/internal/decoder/decoder.go:116.77,118.4 1 0
github.com/Devolvio-B-V/cloudflare-dlp-forensic-copy-decoder/internal/decoder/decoder.go:118.9,120.4 1 2
github.com/Devolvio-B-V/cloudflare-dlp-forensic-copy-decoder/internal/decoder/decoder.go:121.8,121.108 1 5
github.com/Devolvio-B-V/cloudflare-dlp-forensic-copy-decoder/internal/decoder/decoder.go:121.108,125.3 2 0
github.com/Devolvio-B-V/cloudflare-dlp-forensic-copy-decoder/internal/decoder/decoder.go:125.8,125.56 1 5
github.com/Devolvio-B-V/cloudflare-dlp-forensic-copy-decoder/internal/decoder/decoder.go:125.56,129.3 2 0
github.com/Devolvio-B-V/cloudflare-dlp-forensic-copy-decoder/internal/decoder/decoder.go:129.8,129.108 1 5
github.com/Devolvio-B-V/cloudflare-dlp-forensic-copy-decoder/internal/decoder/decoder.go:129.108,133.3 2 0
github.com/Devolvio-B-V/cloudflare-dlp-forensic-copy-decoder/internal/decoder/decoder.go:133.8,133.80 1 5
github.com/Devolvio-B-V/cloudflare-dlp-forensic-copy-decoder/internal/decoder/decoder.go:133.80,137.3 2 0
github.com/Devolvio-B-V/cloudflare-dlp-forensic-copy-decoder/internal/decoder/decoder.go:137.8,137.122 1 5
github.com/Devolvio-B-V/cloudflare-dlp-forensic-copy-decoder/internal/decoder/decoder.go:137.122,141.3 2 0
github.com/Devolvio-B-V/cloudflare-dlp-forensic-copy-decoder/internal/decoder/decoder.go:141.8,141.122 1 5
github.com/Devolvio-B-V/cloudflare-dlp-forensic-copy-decoder/internal/decoder/decoder.go:141.122,145.3 2 0
github.com/Devolvio-B-V/cloudflare-dlp-forensic-copy-decoder/internal/decoder/decoder.go:145.8,145.114 1 5
github.com/Devolvio-B-V/cloudflare-dlp-forensic-copy-decoder/internal/decoder/decoder.go:145.114,148.3 2 3
github.com/Devolvio-B-V/cloudflare-dlp-forensic-copy-decoder/internal/decoder/decoder.go:148.8,148.52 1 2
github.com/Devolvio-B-V/cloudflare-dlp-forensic-copy-decoder/internal/decoder/decoder.go:148.52,152.3 2 0
github.com/Devolvio-B-V/cloudflare-dlp-forensic-copy-decoder/internal/decoder/decoder.go:152.8,152.25 1 2
github.com/Devolvio-B-V/cloudflare-dlp-forensic-copy-decoder/internal/decoder/decoder.go:152.25,156.3 2 1
github.com/Devolvio-B-V/cloudflare-dlp-forensic-copy-decoder/internal/decoder/decoder.go:156.8,158.3 1 1
github.com/Devolvio-B-V/cloudflare-dlp-forensic-copy-decoder/internal/decoder/decoder.go:160.2,160.20 1 6
github.com/Devolvio-B-V/cloudflare-dlp-forensic-copy-decoder/internal/decoder/decoder.go:164.62,166.33 1 26
github.com/Devolvio-B-V/cloudflare-dlp-forensic-copy-decoder/internal/decoder/decoder.go:166.33,168.3 1 14
github.com/Devolvio-B-V/cloudflare-dlp-forensic-copy-decoder/internal/decoder/decoder.go:170.2,171.28 2 12
github.com/Devolvio-B-V/cloudflare-dlp-forensic-copy-decoder/internal/decoder/decoder.go:171.28,172.37 1 14
github.com/Devolvio-B-V/cloudflare-dlp-forensic-copy-decoder/internal/decoder/decoder.go:172.37,174.4 1 3
github.com/Devolvio-B-V/cloudflare-dlp-forensic-copy-decoder/internal/decoder/decoder.go:176.2,176.11 1 9
github.com/Devolvio-B-V/cloudflare-dlp-forensic-copy-decoder/internal/decoder/decoder.go:180.50,182.16 2 2
github.com/Devolvio-B-V/cloudflare-dlp-forensic-copy-decoder/internal/decoder/decoder.go:182.16,184.3 1 0
github.com/Devolvio-B-V/cloudflare-dlp-forensic-copy-decoder/internal/decoder/decoder.go:185.2,187.27 2 2
github.com/Devolvio-B-V/cloudflare-dlp-forensic-copy-decoder/internal/decoder/decoder.go:191.53,193.16 2 0
github.com/Devolvio-B-V/cloudflare-dlp-forensic-copy-decoder/internal/decoder/decoder.go:193.16,195.3 1 0
github.com/Devolvio-B-V/cloudflare-dlp-forensic-copy-decoder/internal/decoder/decoder.go:196.2,198.27 2 0
github.com/Devolvio-B-V/cloudflare-dlp-forensic-copy-decoder/internal/decoder/decoder.go:203.43,205.58 1 6
github.com/Devolvio-B-V/cloudflare-dlp-forensic-copy-decoder/internal/decoder/decoder.go:205.58,206.60 1 0
github.com/Devolvio-B-V/cloudflare-dlp-forensic-copy-decoder/internal/decoder/decoder.go:206.60,208.4 1 0
github.com/Devolvio-B-V/cloudflare-dlp-forensic-copy-decoder/internal/decoder/decoder.go:212.2,212.98 1 6
github.com/Devolvio-B-V/cloudflare-dlp-forensic-copy-decoder/internal/decoder/decoder.go:212.98,213.63 1 0
github.com/Devolvio-B-V/cloudflare-dlp-forensic-copy-decoder/internal/decoder/decoder.go:213.63,215.4 1 0
github.com/Devolvio-B-V/cloudflare-dlp-forensic-copy-decoder/internal/decoder/decoder.go:219.2,219.13 1 6
github.com/Devolvio-B-V/cloudflare-dlp-forensic-copy-decoder/internal/decoder/decoder.go:223.38,226.2 2 3
github.com/Devolvio-B-V/cloudflare-dlp-forensic-copy-decoder/internal/decoder/decoder.go:229.62,234.12 2 4
github.com/Devolvio-B-V/cloudflare-dlp-forensic-copy-decoder/internal/decoder/decoder.go:234.12,236.3 1 3
github.com/Devolvio-B-V/cloudflare-dlp-forensic-copy-decoder/internal/decoder/decoder.go:237.2,237.34 1 1
github.com/Devolvio-B-V/cloudflare-dlp-forensic-copy-decoder/internal/decoder/decoder.go:241.50,244.2 2 3
github.com/Devolvio-B-V/cloudflare-dlp-forensic-copy-decoder/cmd/cf-dlp-decode/main.go:19.42,23.33 3 0
github.com/Devolvio-B-V/cloudflare-dlp-forensic-copy-decoder/cmd/cf-dlp-decode/main.go:23.33,25.34 2 0
github.com/Devolvio-B-V/cloudflare-dlp-forensic-copy-decoder/cmd/cf-dlp-decode/main.go:25.34,28.34 2 0
github.com/Devolvio-B-V/cloudflare-dlp-forensic-copy-decoder/cmd/cf-dlp-decode/main.go:28.34,30.13 1 0
github.com/Devolvio-B-V/cloudflare-dlp-forensic-copy-decoder/cmd/cf-dlp-decode/main.go:31.10,31.68 1 0
github.com/Devolvio-B-V/cloudflare-dlp-forensic-copy-decoder/cmd/cf-dlp-decode/main.go:31.68,39.39 2 0
github.com/Devolvio-B-V/cloudflare-dlp-forensic-copy-decoder/cmd/cf-dlp-decode/main.go:39.39,43.6 2 0
github.com/Devolvio-B-V/cloudflare-dlp-forensic-copy-decoder/cmd/cf-dlp-decode/main.go:45.9,47.4 1 0
github.com/Devolvio-B-V/cloudflare-dlp-forensic-copy-decoder/cmd/cf-dlp-decode/main.go:51.2,51.37 1 0
github.com/Devolvio-B-V/cloudflare-dlp-forensic-copy-decoder/cmd/cf-dlp-decode/main.go:54.13,73.15 4 0
github.com/Devolvio-B-V/cloudflare-dlp-forensic-copy-decoder/cmd/cf-dlp-decode/main.go:73.15,76.3 2 0
github.com/Devolvio-B-V/cloudflare-dlp-forensic-copy-decoder/cmd/cf-dlp-decode/main.go:79.2,79.14 1 0
github.com/Devolvio-B-V/cloudflare-dlp-forensic-copy-decoder/cmd/cf-dlp-decode/main.go:79.14,82.3 2 0
github.com/Devolvio-B-V/cloudflare-dlp-forensic-copy-decoder/cmd/cf-dlp-decode/main.go:85.2,85.41 1 0
github.com/Devolvio-B-V/cloudflare-dlp-forensic-copy-decoder/cmd/cf-dlp-decode/main.go:85.41,87.3 1 0
github.com/Devolvio-B-V/cloudflare-dlp-forensic-copy-decoder/cmd/cf-dlp-decode/main.go:92.2,92.54 1 0
github.com/Devolvio-B-V/cloudflare-dlp-forensic-copy-decoder/cmd/cf-dlp-decode/main.go:92.54,94.3 1 0
github.com/Devolvio-B-V/cloudflare-dlp-forensic-copy-decoder/cmd/cf-dlp-decode/main.go:97.2,97.34 1 0
github.com/Devolvio-B-V/cloudflare-dlp-forensic-copy-decoder/cmd/cf-dlp-decode/main.go:97.34,101.3 3 0
github.com/Devolvio-B-V/cloudflare-dlp-forensic-copy-decoder/cmd/cf-dlp-decode/main.go:104.2,104.14 1 0
github.com/Devolvio-B-V/cloudflare-dlp-forensic-copy-decoder/cmd/cf-dlp-decode/main.go:104.14,105.69 1 0
github.com/Devolvio-B-V/cloudflare-dlp-forensic-copy-decoder/cmd/cf-dlp-decode/main.go:105.69,108.4 2 0
github.com/Devolvio-B-V/cloudflare-dlp-forensic-copy-decoder/cmd/cf-dlp-decode/main.go:112.2,112.13 1 0
github.com/Devolvio-B-V/cloudflare-dlp-forensic-copy-decoder/cmd/cf-dlp-decode/main.go:112.13,115.51 1 0
github.com/Devolvio-B-V/cloudflare-dlp-forensic-copy-decoder/cmd/cf-dlp-decode/main.go:115.51,118.4 2 0
github.com/Devolvio-B-V/cloudflare-dlp-forensic-copy-decoder/cmd/cf-dlp-decode/main.go:119.3,119.44 1 0
github.com/Devolvio-B-V/cloudflare-dlp-forensic-copy-decoder/cmd/cf-dlp-decode/main.go:119.44,122.4 2 0
github.com/Devolvio-B-V/cloudflare-dlp-forensic-copy-decoder/cmd/cf-dlp-decode/main.go:123.3,123.9 1 0
github.com/Devolvio-B-V/cloudflare-dlp-forensic-copy-decoder/cmd/cf-dlp-decode/main.go:127.2,127.88 1 0
github.com/Devolvio-B-V/cloudflare-dlp-forensic-copy-decoder/cmd/cf-dlp-decode/main.go:127.88,128.15 1 0
github.com/Devolvio-B-V/cloudflare-dlp-forensic-copy-decoder/cmd/cf-dlp-decode/main.go:128.15,130.4 1 0
github.com/Devolvio-B-V/cloudflare-dlp-forensic-copy-decoder/cmd/cf-dlp-decode/main.go:130.9,133.4 1 0
github.com/Devolvio-B-V/cloudflare-dlp-forensic-copy-decoder/cmd/cf-dlp-decode/main.go:134.3,134.13 1 0
github.com/Devolvio-B-V/cloudflare-dlp-forensic-copy-decoder/cmd/cf-dlp-decode/main.go:138.37,143.2 4 0
github.com/Devolvio-B-V/cloudflare-dlp-forensic-copy-decoder/cmd/cf-dlp-decode/main.go:145.83,148.16 2 0
github.com/Devolvio-B-V/cloudflare-dlp-forensic-copy-decoder/cmd/cf-dlp-decode/main.go:148.16,150.3 1 0
github.com/Devolvio-B-V/cloudflare-dlp-forensic-copy-decoder/cmd/cf-dlp-decode/main.go:153.2,159.16 3 0
github.com/Devolvio-B-V/cloudflare-dlp-forensic-copy-decoder/cmd/cf-dlp-decode/main.go:159.16,161.3 1 0
github.com/Devolvio-B-V/cloudflare-dlp-forensic-copy-decoder/cmd/cf-dlp-decode/main.go:164.2,166.23 3 0
github.com/Devolvio-B-V/cloudflare-dlp-forensic-copy-decoder/cmd/cf-dlp-decode/main.go:166.23,168.3 1 0
github.com/Devolvio-B-V/cloudflare-dlp-forensic-copy-decoder/cmd/cf-dlp-decode/main.go:171.2,171.88 1 0
github.com/Devolvio-B-V/cloudflare-dlp-forensic-copy-decoder/cmd/cf-dlp-decode/main.go:171.88,173.3 1 0
github.com/Devolvio-B-V/cloudflare-dlp-forensic-copy-decoder/cmd/cf-dlp-decode/main.go:176.2,176.80 1 0
github.com/Devolvio-B-V/cloudflare-dlp-forensic-copy-decoder/cmd/cf-dlp-decode/main.go:176.80,178.3 1 0
github.com/Devolvio-B-V/cloudflare-dlp-forensic-copy-decoder/cmd/cf-dlp-decode/main.go:181.2,185.12 4 0
github.com/Devolvio-B-V/cloudflare-dlp-forensic-copy-decoder/cmd/cf-dlp-decode/main.go:188.18,238.2 1 0
